<?xml version="1.0" encoding="UTF-8"?>
<!-- Generated by org.testng.reporters.JUnitXMLReporter -->
<testsuite hostname="Karim" name="Default test" tests="3" failures="0" timestamp="19 Dec 2015 12:48:12 GMT" time="25.494" errors="0">
  <testcase name="readExcelFile" time="13.562" classname="testleaf.java.apachipoi.DataProviderExample"/>
  <testcase name="readExcelFile" time="5.671" classname="testleaf.java.apachipoi.DataProviderExample"/>
  <testcase name="readExcelFile" time="5.265" classname="testleaf.java.apachipoi.DataProviderExample"/>
</testsuite> <!-- Default test -->
