<?xml version="1.0" encoding="UTF-8"?>
<testng-results skipped="0" failed="0" total="3" passed="3">
  <reporter-output>
  </reporter-output>
  <suite name="Default suite" duration-ms="25494" started-at="2015-12-19T12:47:47Z" finished-at="2015-12-19T12:48:12Z">
    <groups>
    </groups>
    <test name="Default test" duration-ms="25494" started-at="2015-12-19T12:47:47Z" finished-at="2015-12-19T12:48:12Z">
      <class name="testleaf.java.apachipoi.DataProviderExample">
        <test-method status="PASS" signature="readExcelFile(java.lang.String, java.lang.String, java.lang.String, java.lang.String)[pri:0, instance:testleaf.java.apachipoi.DataProviderExample@591f989e]" name="readExcelFile" duration-ms="13562" started-at="2015-12-19T18:17:48Z" data-provider="ReadExcel" finished-at="2015-12-19T18:18:01Z">
          <params>
            <param index="0">
              <value>
                <![CDATA[Kairm]]>
              </value>
            </param>
            <param index="1">
              <value>
                <![CDATA[test123]]>
              </value>
            </param>
            <param index="2">
              <value>
                <![CDATA[Flipkart]]>
              </value>
            </param>
            <param index="3">
              <value>
                <![CDATA[P]]>
              </value>
            </param>
          </params>
          <reporter-output>
          </reporter-output>
        </test-method> <!-- readExcelFile -->
        <test-method status="PASS" signature="readExcelFile(java.lang.String, java.lang.String, java.lang.String, java.lang.String)[pri:0, instance:testleaf.java.apachipoi.DataProviderExample@591f989e]" name="readExcelFile" duration-ms="5671" started-at="2015-12-19T18:18:01Z" data-provider="ReadExcel" finished-at="2015-12-19T18:18:07Z">
          <params>
            <param index="0">
              <value>
                <![CDATA[Khyrun]]>
              </value>
            </param>
            <param index="1">
              <value>
                <![CDATA[abc123]]>
              </value>
            </param>
            <param index="2">
              <value>
                <![CDATA[Amazon]]>
              </value>
            </param>
            <param index="3">
              <value>
                <![CDATA[F]]>
              </value>
            </param>
          </params>
          <reporter-output>
          </reporter-output>
        </test-method> <!-- readExcelFile -->
        <test-method status="PASS" signature="readExcelFile(java.lang.String, java.lang.String, java.lang.String, java.lang.String)[pri:0, instance:testleaf.java.apachipoi.DataProviderExample@591f989e]" name="readExcelFile" duration-ms="5265" started-at="2015-12-19T18:18:07Z" data-provider="ReadExcel" finished-at="2015-12-19T18:18:12Z">
          <params>
            <param index="0">
              <value>
                <![CDATA[Khyrun]]>
              </value>
            </param>
            <param index="1">
              <value>
                <![CDATA[abc123]]>
              </value>
            </param>
            <param index="2">
              <value>
                <![CDATA[Amazon]]>
              </value>
            </param>
            <param index="3">
              <value>
                <![CDATA[P]]>
              </value>
            </param>
          </params>
          <reporter-output>
          </reporter-output>
        </test-method> <!-- readExcelFile -->
      </class> <!-- testleaf.java.apachipoi.DataProviderExample -->
    </test> <!-- Default test -->
  </suite> <!-- Default suite -->
</testng-results>
