<?xml version="1.0" encoding="UTF-8"?>
<testng-results skipped="0" failed="0" total="1" passed="1">
  <reporter-output>
    <line>
      <![CDATA[STEP1]]>
    </line>
    <line>
      <![CDATA[STEP2]]>
    </line>
    <line>
      <![CDATA[STEP3]]>
    </line>
    <line>
      <![CDATA[STEP4]]>
    </line>
    <line>
      <![CDATA[STEP5]]>
    </line>
    <line>
      <![CDATA[STEP6]]>
    </line>
    <line>
      <![CDATA[STEP7]]>
    </line>
  </reporter-output>
  <suite name="Default suite" duration-ms="17877" started-at="2015-09-26T12:55:11Z" finished-at="2015-09-26T12:55:29Z">
    <groups>
    </groups>
    <test name="Default test" duration-ms="17877" started-at="2015-09-26T12:55:11Z" finished-at="2015-09-26T12:55:29Z">
      <class name="keyword.framework.RunScripts">
        <test-method status="PASS" signature="runScripts()[pri:0, instance:keyword.framework.RunScripts@675690]" name="runScripts" duration-ms="17864" started-at="2015-09-26T18:25:11Z" finished-at="2015-09-26T18:25:29Z">
          <reporter-output>
            <line>
              <![CDATA[STEP1]]>
            </line>
            <line>
              <![CDATA[STEP2]]>
            </line>
            <line>
              <![CDATA[STEP3]]>
            </line>
            <line>
              <![CDATA[STEP4]]>
            </line>
            <line>
              <![CDATA[STEP5]]>
            </line>
            <line>
              <![CDATA[STEP6]]>
            </line>
            <line>
              <![CDATA[STEP7]]>
            </line>
          </reporter-output>
        </test-method> <!-- runScripts -->
      </class> <!-- keyword.framework.RunScripts -->
    </test> <!-- Default test -->
  </suite> <!-- Default suite -->
</testng-results>
